<?xml version="1.0" encoding="utf-8"?><testsuites name="pytest tests"><testsuite name="pytest" errors="0" failures="0" skipped="0" tests="5" time="1.628" timestamp="2026-07-03T12:56:04.459374+00:00" hostname="agent-env-714fcbc1-3936-4790-92d0-d1c442251350"><testcase classname="backend.tests.backend_test.TestStripe" name="test_checkout_monthly" time="0.955" /><testcase classname="backend.tests.backend_test.TestStripe" name="test_checkout_annual" time="0.457" /><testcase classname="backend.tests.backend_test.TestStripe" name="test_checkout_invalid_plan" time="0.050" /><testcase classname="backend.tests.backend_test.TestStripe" name="test_subscription_status_fresh_user" time="0.053" /><testcase classname="backend.tests.backend_test.TestHealth" name="test_root" time="0.054" /></testsuite></testsuites>