<?xml version="1.0" encoding="utf-8"?><testsuites name="pytest tests"><testsuite name="pytest" errors="0" failures="0" skipped="0" tests="6" time="1.294" timestamp="2026-07-03T13:13:23.791050+00:00" hostname="agent-env-714fcbc1-3936-4790-92d0-d1c442251350"><testcase classname="backend.tests.test_google_auth.TestGoogleAuth" name="test_google_invalid_session_returns_401" time="0.363" /><testcase classname="backend.tests.test_google_auth.TestGoogleAuth" name="test_google_missing_session_id_returns_422" time="0.048" /><testcase classname="backend.tests.test_google_auth.TestGoogleAuth" name="test_google_empty_session_id_returns_401" time="0.115" /><testcase classname="backend.tests.test_google_auth.TestGoogleAuth" name="test_google_route_no_auth_required" time="0.112" /><testcase classname="backend.tests.test_google_auth.TestEmailPasswordRegression" name="test_seeded_signin" time="0.323" /><testcase classname="backend.tests.test_google_auth.TestEmailPasswordRegression" name="test_signup_new_user" time="0.269" /></testsuite></testsuites>