<?xml version="1.0" encoding="utf-8"?><testsuites name="pytest tests"><testsuite name="pytest" errors="0" failures="2" skipped="0" tests="26" time="7.825" timestamp="2026-07-03T12:48:31.468113+00:00" hostname="agent-env-714fcbc1-3936-4790-92d0-d1c442251350"><testcase classname="tests.backend_test.TestHealth" name="test_root" time="0.178" /><testcase classname="tests.backend_test.TestAuth" name="test_signup_and_me" time="0.324" /><testcase classname="tests.backend_test.TestAuth" name="test_signup_duplicate_rejected" time="0.317" /><testcase classname="tests.backend_test.TestAuth" name="test_signup_short_password" time="0.050" /><testcase classname="tests.backend_test.TestAuth" name="test_signin_success" time="0.272" /><testcase classname="tests.backend_test.TestAuth" name="test_signin_bad_password" time="0.272" /><testcase classname="tests.backend_test.TestAuth" name="test_me_without_token" time="0.045" /><testcase classname="tests.backend_test.TestOnboarding" name="test_save_onboarding" time="0.096" /><testcase classname="tests.backend_test.TestContent" name="test_emotions" time="0.045" /><testcase classname="tests.backend_test.TestContent" name="test_meditations_all" time="0.047" /><testcase classname="tests.backend_test.TestContent" name="test_meditations_filter" time="0.047" /><testcase classname="tests.backend_test.TestContent" name="test_meditation_by_id" time="0.114" /><testcase classname="tests.backend_test.TestContent" name="test_meditation_not_found" time="0.046" /><testcase classname="tests.backend_test.TestContent" name="test_prayers" time="0.050" /><testcase classname="tests.backend_test.TestContent" name="test_prayers_filter" time="0.049" /><testcase classname="tests.backend_test.TestContent" name="test_devotional_today" time="0.048" /><testcase classname="tests.backend_test.TestMoodJournal" name="test_mood_log_and_history" time="0.103" /><testcase classname="tests.backend_test.TestMoodJournal" name="test_journal_create_and_list" time="0.096" /><testcase classname="tests.backend_test.TestMoodJournal" name="test_mood_requires_auth" time="0.045" /><testcase classname="tests.backend_test.TestMeditationCompletion" name="test_completion_increments_minutes" time="0.149" /><testcase classname="tests.backend_test.TestAIPrayer" name="test_generate_prayer" time="4.812" /><testcase classname="tests.backend_test.TestAIPrayer" name="test_prayer_requires_auth" time="0.054" /><testcase classname="tests.backend_test.TestStripe" name="test_checkout_monthly" time="0.284"><failure message="AssertionError: {&quot;detail&quot;:&quot;Invalid API Key provided: sk_test_****gent&quot;}&#10;assert 400 == 200&#10; +  where 400 = &lt;Response [400]&gt;.status_code">E   AssertionError: {"detail":"Invalid API Key provided: sk_test_****gent"}
    assert 400 == 200
     +  where 400 = &lt;Response [400]&gt;.status_code</failure></testcase><testcase classname="tests.backend_test.TestStripe" name="test_checkout_annual" time="0.087"><failure message="assert 400 == 200&#10; +  where 400 = &lt;Response [400]&gt;.status_code">E   assert 400 == 200
     +  where 400 = &lt;Response [400]&gt;.status_code</failure></testcase><testcase classname="tests.backend_test.TestStripe" name="test_checkout_invalid_plan" time="0.049" /><testcase classname="tests.backend_test.TestStripe" name="test_subscription_status_fresh_user" time="0.052" /></testsuite></testsuites>